{"/Users/islebedev/Desktop/Projects/task-manager/backend/src/config/db_options.js": {"path":"/Users/islebedev/Desktop/Projects/task-manager/backend/src/config/db_options.js","all":false,"statementMap":{"0":{"start":{"line":1,"column":0},"end":{"line":1,"column":17}},"1":{"start":{"line":2,"column":0},"end":{"line":2,"column":28}},"2":{"start":{"line":3,"column":0},"end":{"line":3,"column":13}},"3":{"start":{"line":4,"column":0},"end":{"line":4,"column":28}},"4":{"start":{"line":5,"column":0},"end":{"line":5,"column":36}},"5":{"start":{"line":6,"column":0},"end":{"line":6,"column":20}},"6":{"start":{"line":7,"column":0},"end":{"line":7,"column":1}},"7":{"start":{"line":8,"column":0},"end":{"line":8,"column":0}},"8":{"start":{"line":9,"column":0},"end":{"line":9,"column":23}},"9":{"start":{"line":10,"column":0},"end":{"line":10,"column":0}},"10":{"start":{"line":11,"column":0},"end":{"line":11,"column":21}},"11":{"start":{"line":12,"column":0},"end":{"line":12,"column":28}},"12":{"start":{"line":13,"column":0},"end":{"line":13,"column":28}}},"s":{"0":1,"1":1,"2":1,"3":1,"4":1,"5":1,"6":1,"7":1,"8":1,"9":1,"10":1,"11":1,"12":1},"branchMap":{"0":{"type":"branch","line":1,"loc":{"start":{"line":1,"column":0},"end":{"line":13,"column":28}},"locations":[{"start":{"line":1,"column":0},"end":{"line":13,"column":28}}]}},"b":{"0":[1]},"fnMap":{},"f":{}}
,"/Users/islebedev/Desktop/Projects/task-manager/backend/src/controllers/UserController.js": {"path":"/Users/islebedev/Desktop/Projects/task-manager/backend/src/controllers/UserController.js","all":false,"statementMap":{"0":{"start":{"line":1,"column":0},"end":{"line":1,"column":53}},"1":{"start":{"line":2,"column":0},"end":{"line":2,"column":42}},"2":{"start":{"line":3,"column":0},"end":{"line":3,"column":0}},"3":{"start":{"line":4,"column":0},"end":{"line":4,"column":22}},"4":{"start":{"line":5,"column":0},"end":{"line":5,"column":28}},"5":{"start":{"line":6,"column":0},"end":{"line":6,"column":8}},"6":{"start":{"line":7,"column":0},"end":{"line":7,"column":109}},"7":{"start":{"line":8,"column":0},"end":{"line":8,"column":60}},"8":{"start":{"line":9,"column":0},"end":{"line":9,"column":33}},"9":{"start":{"line":10,"column":0},"end":{"line":10,"column":19}},"10":{"start":{"line":11,"column":0},"end":{"line":11,"column":51}},"11":{"start":{"line":12,"column":0},"end":{"line":12,"column":5}},"12":{"start":{"line":13,"column":0},"end":{"line":13,"column":3}},"13":{"start":{"line":14,"column":0},"end":{"line":14,"column":0}},"14":{"start":{"line":15,"column":0},"end":{"line":15,"column":25}},"15":{"start":{"line":16,"column":0},"end":{"line":16,"column":8}},"16":{"start":{"line":17,"column":0},"end":{"line":17,"column":107}},"17":{"start":{"line":18,"column":0},"end":{"line":18,"column":58}},"18":{"start":{"line":19,"column":0},"end":{"line":19,"column":33}},"19":{"start":{"line":20,"column":0},"end":{"line":20,"column":19}},"20":{"start":{"line":21,"column":0},"end":{"line":21,"column":51}},"21":{"start":{"line":22,"column":0},"end":{"line":22,"column":5}},"22":{"start":{"line":23,"column":0},"end":{"line":23,"column":3}},"23":{"start":{"line":24,"column":0},"end":{"line":24,"column":0}},"24":{"start":{"line":25,"column":0},"end":{"line":25,"column":29}},"25":{"start":{"line":26,"column":0},"end":{"line":26,"column":8}},"26":{"start":{"line":27,"column":0},"end":{"line":27,"column":112}},"27":{"start":{"line":28,"column":0},"end":{"line":28,"column":52}},"28":{"start":{"line":29,"column":0},"end":{"line":29,"column":34}},"29":{"start":{"line":30,"column":0},"end":{"line":30,"column":20}},"30":{"start":{"line":31,"column":0},"end":{"line":31,"column":51}},"31":{"start":{"line":32,"column":0},"end":{"line":32,"column":5}},"32":{"start":{"line":33,"column":0},"end":{"line":33,"column":3}},"33":{"start":{"line":34,"column":0},"end":{"line":34,"column":1}},"34":{"start":{"line":35,"column":0},"end":{"line":35,"column":0}},"35":{"start":{"line":36,"column":0},"end":{"line":36,"column":36}}},"s":{"0":1,"1":1,"2":1,"3":1,"4":1,"5":2,"6":2,"7":2,"8":2,"9":2,"10":0,"11":0,"12":2,"13":1,"14":1,"15":2,"16":2,"17":2,"18":2,"19":2,"20":0,"21":0,"22":2,"23":1,"24":1,"25":2,"26":2,"27":2,"28":1,"29":1,"30":1,"31":1,"32":2,"33":1,"34":1,"35":1},"branchMap":{"0":{"type":"branch","line":1,"loc":{"start":{"line":1,"column":0},"end":{"line":36,"column":36}},"locations":[{"start":{"line":1,"column":0},"end":{"line":36,"column":36}}]},"1":{"type":"branch","line":5,"loc":{"start":{"line":5,"column":2},"end":{"line":13,"column":3}},"locations":[{"start":{"line":5,"column":2},"end":{"line":13,"column":3}}]},"2":{"type":"branch","line":10,"loc":{"start":{"line":10,"column":6},"end":{"line":12,"column":5}},"locations":[{"start":{"line":10,"column":6},"end":{"line":12,"column":5}}]},"3":{"type":"branch","line":15,"loc":{"start":{"line":15,"column":2},"end":{"line":23,"column":3}},"locations":[{"start":{"line":15,"column":2},"end":{"line":23,"column":3}}]},"4":{"type":"branch","line":20,"loc":{"start":{"line":20,"column":6},"end":{"line":22,"column":5}},"locations":[{"start":{"line":20,"column":6},"end":{"line":22,"column":5}}]},"5":{"type":"branch","line":25,"loc":{"start":{"line":25,"column":2},"end":{"line":33,"column":3}},"locations":[{"start":{"line":25,"column":2},"end":{"line":33,"column":3}}]},"6":{"type":"branch","line":29,"loc":{"start":{"line":29,"column":-1},"end":{"line":32,"column":5}},"locations":[{"start":{"line":29,"column":-1},"end":{"line":32,"column":5}}]}},"b":{"0":[1],"1":[2],"2":[0],"3":[2],"4":[0],"5":[2],"6":[1]},"fnMap":{"0":{"name":"register","decl":{"start":{"line":5,"column":2},"end":{"line":13,"column":3}},"loc":{"start":{"line":5,"column":2},"end":{"line":13,"column":3}},"line":5},"1":{"name":"login","decl":{"start":{"line":15,"column":2},"end":{"line":23,"column":3}},"loc":{"start":{"line":15,"column":2},"end":{"line":23,"column":3}},"line":15},"2":{"name":"getAllUsers","decl":{"start":{"line":25,"column":2},"end":{"line":33,"column":3}},"loc":{"start":{"line":25,"column":2},"end":{"line":33,"column":3}},"line":25}},"f":{"0":2,"1":2,"2":2}}
,"/Users/islebedev/Desktop/Projects/task-manager/backend/src/db/connection.js": {"path":"/Users/islebedev/Desktop/Projects/task-manager/backend/src/db/connection.js","all":false,"statementMap":{"0":{"start":{"line":1,"column":0},"end":{"line":1,"column":35}},"1":{"start":{"line":2,"column":0},"end":{"line":2,"column":0}},"2":{"start":{"line":3,"column":0},"end":{"line":3,"column":49}},"3":{"start":{"line":4,"column":0},"end":{"line":4,"column":16}},"4":{"start":{"line":5,"column":0},"end":{"line":5,"column":13}},"5":{"start":{"line":6,"column":0},"end":{"line":6,"column":15}},"6":{"start":{"line":7,"column":0},"end":{"line":7,"column":23}},"7":{"start":{"line":8,"column":0},"end":{"line":8,"column":20}},"8":{"start":{"line":9,"column":0},"end":{"line":9,"column":3}},"9":{"start":{"line":10,"column":0},"end":{"line":10,"column":0}},"10":{"start":{"line":11,"column":0},"end":{"line":11,"column":26}}},"s":{"0":1,"1":1,"2":1,"3":1,"4":1,"5":1,"6":1,"7":1,"8":1,"9":1,"10":1},"branchMap":{"0":{"type":"branch","line":1,"loc":{"start":{"line":1,"column":0},"end":{"line":11,"column":26}},"locations":[{"start":{"line":1,"column":0},"end":{"line":11,"column":26}}]}},"b":{"0":[1]},"fnMap":{},"f":{}}
,"/Users/islebedev/Desktop/Projects/task-manager/backend/src/repositories/UserRepository.js": {"path":"/Users/islebedev/Desktop/Projects/task-manager/backend/src/repositories/UserRepository.js","all":false,"statementMap":{"0":{"start":{"line":1,"column":0},"end":{"line":1,"column":37}},"1":{"start":{"line":2,"column":0},"end":{"line":2,"column":28}},"2":{"start":{"line":3,"column":0},"end":{"line":3,"column":0}},"3":{"start":{"line":4,"column":0},"end":{"line":4,"column":22}},"4":{"start":{"line":5,"column":0},"end":{"line":5,"column":28}},"5":{"start":{"line":6,"column":0},"end":{"line":6,"column":104}},"6":{"start":{"line":7,"column":0},"end":{"line":7,"column":78}},"7":{"start":{"line":8,"column":0},"end":{"line":8,"column":120}},"8":{"start":{"line":9,"column":0},"end":{"line":9,"column":19}},"9":{"start":{"line":10,"column":0},"end":{"line":10,"column":3}},"10":{"start":{"line":11,"column":0},"end":{"line":11,"column":0}},"11":{"start":{"line":12,"column":0},"end":{"line":12,"column":34}},"12":{"start":{"line":13,"column":0},"end":{"line":13,"column":84}},"13":{"start":{"line":14,"column":0},"end":{"line":14,"column":19}},"14":{"start":{"line":15,"column":0},"end":{"line":15,"column":3}},"15":{"start":{"line":16,"column":0},"end":{"line":16,"column":0}},"16":{"start":{"line":17,"column":0},"end":{"line":17,"column":26}},"17":{"start":{"line":18,"column":0},"end":{"line":18,"column":118}},"18":{"start":{"line":19,"column":0},"end":{"line":19,"column":222}},"19":{"start":{"line":20,"column":0},"end":{"line":20,"column":121}},"20":{"start":{"line":21,"column":0},"end":{"line":21,"column":27}},"21":{"start":{"line":22,"column":0},"end":{"line":22,"column":3}},"22":{"start":{"line":23,"column":0},"end":{"line":23,"column":0}},"23":{"start":{"line":24,"column":0},"end":{"line":24,"column":25}},"24":{"start":{"line":25,"column":0},"end":{"line":25,"column":117}},"25":{"start":{"line":26,"column":0},"end":{"line":26,"column":162}},"26":{"start":{"line":27,"column":0},"end":{"line":27,"column":120}},"27":{"start":{"line":28,"column":0},"end":{"line":28,"column":21}},"28":{"start":{"line":29,"column":0},"end":{"line":29,"column":3}},"29":{"start":{"line":30,"column":0},"end":{"line":30,"column":0}},"30":{"start":{"line":31,"column":0},"end":{"line":31,"column":25}},"31":{"start":{"line":32,"column":0},"end":{"line":32,"column":102}},"32":{"start":{"line":33,"column":0},"end":{"line":33,"column":75}},"33":{"start":{"line":34,"column":0},"end":{"line":34,"column":121}},"34":{"start":{"line":35,"column":0},"end":{"line":35,"column":28}},"35":{"start":{"line":36,"column":0},"end":{"line":36,"column":6}},"36":{"start":{"line":37,"column":0},"end":{"line":37,"column":0}},"37":{"start":{"line":38,"column":0},"end":{"line":38,"column":23}},"38":{"start":{"line":39,"column":0},"end":{"line":39,"column":114}},"39":{"start":{"line":40,"column":0},"end":{"line":40,"column":57}},"40":{"start":{"line":41,"column":0},"end":{"line":41,"column":119}},"41":{"start":{"line":42,"column":0},"end":{"line":42,"column":16}},"42":{"start":{"line":43,"column":0},"end":{"line":43,"column":3}},"43":{"start":{"line":44,"column":0},"end":{"line":44,"column":1}},"44":{"start":{"line":45,"column":0},"end":{"line":45,"column":0}},"45":{"start":{"line":46,"column":0},"end":{"line":46,"column":36}}},"s":{"0":1,"1":1,"2":1,"3":1,"4":1,"5":2,"6":2,"7":2,"8":2,"9":2,"10":1,"11":1,"12":0,"13":0,"14":0,"15":1,"16":1,"17":1,"18":1,"19":1,"20":1,"21":1,"22":1,"23":1,"24":2,"25":2,"26":2,"27":2,"28":2,"29":1,"30":1,"31":1,"32":1,"33":1,"34":1,"35":1,"36":1,"37":1,"38":1,"39":1,"40":1,"41":1,"42":1,"43":1,"44":1,"45":1},"branchMap":{"0":{"type":"branch","line":1,"loc":{"start":{"line":1,"column":0},"end":{"line":46,"column":36}},"locations":[{"start":{"line":1,"column":0},"end":{"line":46,"column":36}}]},"1":{"type":"branch","line":5,"loc":{"start":{"line":5,"column":2},"end":{"line":10,"column":3}},"locations":[{"start":{"line":5,"column":2},"end":{"line":10,"column":3}}]},"2":{"type":"branch","line":17,"loc":{"start":{"line":17,"column":2},"end":{"line":22,"column":3}},"locations":[{"start":{"line":17,"column":2},"end":{"line":22,"column":3}}]},"3":{"type":"branch","line":24,"loc":{"start":{"line":24,"column":2},"end":{"line":29,"column":3}},"locations":[{"start":{"line":24,"column":2},"end":{"line":29,"column":3}}]},"4":{"type":"branch","line":38,"loc":{"start":{"line":38,"column":2},"end":{"line":43,"column":3}},"locations":[{"start":{"line":38,"column":2},"end":{"line":43,"column":3}}]}},"b":{"0":[1],"1":[2],"2":[1],"3":[2],"4":[1]},"fnMap":{"0":{"name":"findByEmail","decl":{"start":{"line":5,"column":2},"end":{"line":10,"column":3}},"loc":{"start":{"line":5,"column":2},"end":{"line":10,"column":3}},"line":5},"1":{"name":"findByUsername","decl":{"start":{"line":12,"column":2},"end":{"line":15,"column":3}},"loc":{"start":{"line":12,"column":2},"end":{"line":15,"column":3}},"line":12},"2":{"name":"createUser","decl":{"start":{"line":17,"column":2},"end":{"line":22,"column":3}},"loc":{"start":{"line":17,"column":2},"end":{"line":22,"column":3}},"line":17},"3":{"name":"loginUser","decl":{"start":{"line":24,"column":2},"end":{"line":29,"column":3}},"loc":{"start":{"line":24,"column":2},"end":{"line":29,"column":3}},"line":24},"4":{"name":"getAllUsers","decl":{"start":{"line":38,"column":2},"end":{"line":43,"column":3}},"loc":{"start":{"line":38,"column":2},"end":{"line":43,"column":3}},"line":38}},"f":{"0":2,"1":0,"2":1,"3":2,"4":1}}
,"/Users/islebedev/Desktop/Projects/task-manager/backend/src/routes/TodoRoutes.js": {"path":"/Users/islebedev/Desktop/Projects/task-manager/backend/src/routes/TodoRoutes.js","all":false,"statementMap":{"0":{"start":{"line":1,"column":0},"end":{"line":1,"column":30}},"1":{"start":{"line":2,"column":0},"end":{"line":2,"column":61}},"2":{"start":{"line":3,"column":0},"end":{"line":3,"column":0}},"3":{"start":{"line":4,"column":0},"end":{"line":4,"column":32}},"4":{"start":{"line":5,"column":0},"end":{"line":5,"column":0}},"5":{"start":{"line":6,"column":0},"end":{"line":6,"column":63}},"6":{"start":{"line":7,"column":0},"end":{"line":7,"column":62}},"7":{"start":{"line":8,"column":0},"end":{"line":8,"column":55}},"8":{"start":{"line":9,"column":0},"end":{"line":9,"column":53}},"9":{"start":{"line":10,"column":0},"end":{"line":10,"column":54}},"10":{"start":{"line":11,"column":0},"end":{"line":11,"column":54}},"11":{"start":{"line":12,"column":0},"end":{"line":12,"column":0}},"12":{"start":{"line":13,"column":0},"end":{"line":13,"column":0}},"13":{"start":{"line":14,"column":0},"end":{"line":14,"column":22}}},"s":{"0":1,"1":1,"2":1,"3":1,"4":1,"5":1,"6":1,"7":1,"8":1,"9":1,"10":1,"11":1,"12":1,"13":1},"branchMap":{"0":{"type":"branch","line":1,"loc":{"start":{"line":1,"column":0},"end":{"line":14,"column":22}},"locations":[{"start":{"line":1,"column":0},"end":{"line":14,"column":22}}]}},"b":{"0":[1]},"fnMap":{},"f":{}}
,"/Users/islebedev/Desktop/Projects/task-manager/backend/src/routes/UserRoutes.js": {"path":"/Users/islebedev/Desktop/Projects/task-manager/backend/src/routes/UserRoutes.js","all":false,"statementMap":{"0":{"start":{"line":1,"column":0},"end":{"line":1,"column":30}},"1":{"start":{"line":2,"column":0},"end":{"line":2,"column":62}},"2":{"start":{"line":3,"column":0},"end":{"line":3,"column":0}},"3":{"start":{"line":4,"column":0},"end":{"line":4,"column":32}},"4":{"start":{"line":5,"column":0},"end":{"line":5,"column":50}},"5":{"start":{"line":6,"column":0},"end":{"line":6,"column":43}},"6":{"start":{"line":7,"column":0},"end":{"line":7,"column":55}},"7":{"start":{"line":8,"column":0},"end":{"line":8,"column":0}},"8":{"start":{"line":9,"column":0},"end":{"line":9,"column":0}},"9":{"start":{"line":10,"column":0},"end":{"line":10,"column":22}},"10":{"start":{"line":11,"column":0},"end":{"line":11,"column":0}},"11":{"start":{"line":12,"column":0},"end":{"line":12,"column":26}}},"s":{"0":1,"1":1,"2":1,"3":1,"4":1,"5":1,"6":1,"7":1,"8":1,"9":1,"10":1,"11":1},"branchMap":{"0":{"type":"branch","line":1,"loc":{"start":{"line":1,"column":0},"end":{"line":12,"column":26}},"locations":[{"start":{"line":1,"column":0},"end":{"line":12,"column":26}}]}},"b":{"0":[1]},"fnMap":{},"f":{}}
,"/Users/islebedev/Desktop/Projects/task-manager/backend/src/services/UserService.js": {"path":"/Users/islebedev/Desktop/Projects/task-manager/backend/src/services/UserService.js","all":false,"statementMap":{"0":{"start":{"line":1,"column":0},"end":{"line":1,"column":63}},"1":{"start":{"line":2,"column":0},"end":{"line":2,"column":0}},"2":{"start":{"line":3,"column":0},"end":{"line":3,"column":19}},"3":{"start":{"line":4,"column":0},"end":{"line":4,"column":31}},"4":{"start":{"line":5,"column":0},"end":{"line":5,"column":8}},"5":{"start":{"line":6,"column":0},"end":{"line":6,"column":76}},"6":{"start":{"line":7,"column":0},"end":{"line":7,"column":25}},"7":{"start":{"line":8,"column":0},"end":{"line":8,"column":47}},"8":{"start":{"line":9,"column":0},"end":{"line":9,"column":7}},"9":{"start":{"line":10,"column":0},"end":{"line":10,"column":16}},"10":{"start":{"line":11,"column":0},"end":{"line":11,"column":23}},"11":{"start":{"line":12,"column":0},"end":{"line":12,"column":25}},"12":{"start":{"line":13,"column":0},"end":{"line":13,"column":5}},"13":{"start":{"line":14,"column":0},"end":{"line":14,"column":0}},"14":{"start":{"line":15,"column":0},"end":{"line":15,"column":61}},"15":{"start":{"line":16,"column":0},"end":{"line":16,"column":60}},"16":{"start":{"line":17,"column":0},"end":{"line":17,"column":12}},"17":{"start":{"line":18,"column":0},"end":{"line":18,"column":14}},"18":{"start":{"line":19,"column":0},"end":{"line":19,"column":12}},"19":{"start":{"line":20,"column":0},"end":{"line":20,"column":6}},"20":{"start":{"line":21,"column":0},"end":{"line":21,"column":3}},"21":{"start":{"line":22,"column":0},"end":{"line":22,"column":0}},"22":{"start":{"line":23,"column":0},"end":{"line":23,"column":28}},"23":{"start":{"line":24,"column":0},"end":{"line":24,"column":66}},"24":{"start":{"line":25,"column":0},"end":{"line":25,"column":24}},"25":{"start":{"line":26,"column":0},"end":{"line":26,"column":40}},"26":{"start":{"line":27,"column":0},"end":{"line":27,"column":5}},"27":{"start":{"line":28,"column":0},"end":{"line":28,"column":0}},"28":{"start":{"line":29,"column":0},"end":{"line":29,"column":27}},"29":{"start":{"line":30,"column":0},"end":{"line":30,"column":3}},"30":{"start":{"line":31,"column":0},"end":{"line":31,"column":0}},"31":{"start":{"line":32,"column":0},"end":{"line":32,"column":22}},"32":{"start":{"line":33,"column":0},"end":{"line":33,"column":53}},"33":{"start":{"line":34,"column":0},"end":{"line":34,"column":17}},"34":{"start":{"line":35,"column":0},"end":{"line":35,"column":3}},"35":{"start":{"line":36,"column":0},"end":{"line":36,"column":1}},"36":{"start":{"line":37,"column":0},"end":{"line":37,"column":0}},"37":{"start":{"line":38,"column":0},"end":{"line":38,"column":33}},"38":{"start":{"line":39,"column":0},"end":{"line":39,"column":0}},"39":{"start":{"line":40,"column":0},"end":{"line":40,"column":37}}},"s":{"0":1,"1":1,"2":1,"3":1,"4":2,"5":2,"6":2,"7":1,"8":1,"9":2,"10":1,"11":1,"12":1,"13":1,"14":1,"15":1,"16":1,"17":1,"18":1,"19":1,"20":2,"21":1,"22":1,"23":2,"24":2,"25":1,"26":1,"27":1,"28":1,"29":2,"30":1,"31":1,"32":1,"33":1,"34":1,"35":1,"36":1,"37":1,"38":1,"39":1},"branchMap":{"0":{"type":"branch","line":1,"loc":{"start":{"line":1,"column":0},"end":{"line":40,"column":37}},"locations":[{"start":{"line":1,"column":0},"end":{"line":40,"column":37}}]},"1":{"type":"branch","line":4,"loc":{"start":{"line":4,"column":2},"end":{"line":21,"column":3}},"locations":[{"start":{"line":4,"column":2},"end":{"line":21,"column":3}}]},"2":{"type":"branch","line":7,"loc":{"start":{"line":7,"column":24},"end":{"line":9,"column":7}},"locations":[{"start":{"line":7,"column":24},"end":{"line":9,"column":7}}]},"3":{"type":"branch","line":10,"loc":{"start":{"line":10,"column":6},"end":{"line":21,"column":2}},"locations":[{"start":{"line":10,"column":6},"end":{"line":21,"column":2}}]},"4":{"type":"branch","line":23,"loc":{"start":{"line":23,"column":2},"end":{"line":30,"column":3}},"locations":[{"start":{"line":23,"column":2},"end":{"line":30,"column":3}}]},"5":{"type":"branch","line":25,"loc":{"start":{"line":25,"column":23},"end":{"line":30,"column":2}},"locations":[{"start":{"line":25,"column":23},"end":{"line":30,"column":2}}]},"6":{"type":"branch","line":32,"loc":{"start":{"line":32,"column":2},"end":{"line":35,"column":3}},"locations":[{"start":{"line":32,"column":2},"end":{"line":35,"column":3}}]}},"b":{"0":[1],"1":[2],"2":[1],"3":[1],"4":[2],"5":[1],"6":[1]},"fnMap":{"0":{"name":"registerUser","decl":{"start":{"line":4,"column":2},"end":{"line":21,"column":3}},"loc":{"start":{"line":4,"column":2},"end":{"line":21,"column":3}},"line":4},"1":{"name":"loginUser","decl":{"start":{"line":23,"column":2},"end":{"line":30,"column":3}},"loc":{"start":{"line":23,"column":2},"end":{"line":30,"column":3}},"line":23},"2":{"name":"getAllUsers","decl":{"start":{"line":32,"column":2},"end":{"line":35,"column":3}},"loc":{"start":{"line":32,"column":2},"end":{"line":35,"column":3}},"line":32}},"f":{"0":2,"1":2,"2":1}}
,"/Users/islebedev/Desktop/Projects/task-manager/backend/src/tests/mocks/controllers.js": {"path":"/Users/islebedev/Desktop/Projects/task-manager/backend/src/tests/mocks/controllers.js","all":false,"statementMap":{"0":{"start":{"line":1,"column":0},"end":{"line":1,"column":37}},"1":{"start":{"line":2,"column":0},"end":{"line":2,"column":0}},"2":{"start":{"line":3,"column":0},"end":{"line":3,"column":35}},"3":{"start":{"line":4,"column":0},"end":{"line":4,"column":68}},"4":{"start":{"line":5,"column":0},"end":{"line":5,"column":33}},"5":{"start":{"line":6,"column":0},"end":{"line":6,"column":7}},"6":{"start":{"line":7,"column":0},"end":{"line":7,"column":64}},"7":{"start":{"line":8,"column":0},"end":{"line":8,"column":33}},"8":{"start":{"line":9,"column":0},"end":{"line":9,"column":7}},"9":{"start":{"line":10,"column":0},"end":{"line":10,"column":61}},"10":{"start":{"line":11,"column":0},"end":{"line":11,"column":33}},"11":{"start":{"line":12,"column":0},"end":{"line":12,"column":7}},"12":{"start":{"line":13,"column":0},"end":{"line":13,"column":60}},"13":{"start":{"line":14,"column":0},"end":{"line":14,"column":33}},"14":{"start":{"line":15,"column":0},"end":{"line":15,"column":7}},"15":{"start":{"line":16,"column":0},"end":{"line":16,"column":60}},"16":{"start":{"line":17,"column":0},"end":{"line":17,"column":33}},"17":{"start":{"line":18,"column":0},"end":{"line":18,"column":7}},"18":{"start":{"line":19,"column":0},"end":{"line":19,"column":60}},"19":{"start":{"line":20,"column":0},"end":{"line":20,"column":33}},"20":{"start":{"line":21,"column":0},"end":{"line":21,"column":6}},"21":{"start":{"line":22,"column":0},"end":{"line":22,"column":2}},"22":{"start":{"line":23,"column":0},"end":{"line":23,"column":0}},"23":{"start":{"line":24,"column":0},"end":{"line":24,"column":35}},"24":{"start":{"line":25,"column":0},"end":{"line":25,"column":58}},"25":{"start":{"line":26,"column":0},"end":{"line":26,"column":33}},"26":{"start":{"line":27,"column":0},"end":{"line":27,"column":7}},"27":{"start":{"line":28,"column":0},"end":{"line":28,"column":55}},"28":{"start":{"line":29,"column":0},"end":{"line":29,"column":33}},"29":{"start":{"line":30,"column":0},"end":{"line":30,"column":7}},"30":{"start":{"line":31,"column":0},"end":{"line":31,"column":61}},"31":{"start":{"line":32,"column":0},"end":{"line":32,"column":33}},"32":{"start":{"line":33,"column":0},"end":{"line":33,"column":6}},"33":{"start":{"line":34,"column":0},"end":{"line":34,"column":2}}},"s":{"0":2,"1":2,"2":2,"3":2,"4":1,"5":2,"6":2,"7":1,"8":2,"9":2,"10":1,"11":2,"12":2,"13":1,"14":2,"15":2,"16":1,"17":2,"18":2,"19":1,"20":2,"21":2,"22":2,"23":2,"24":2,"25":1,"26":2,"27":2,"28":1,"29":2,"30":2,"31":1,"32":2,"33":2},"branchMap":{"0":{"type":"branch","line":1,"loc":{"start":{"line":1,"column":0},"end":{"line":34,"column":2}},"locations":[{"start":{"line":1,"column":0},"end":{"line":34,"column":2}}]},"1":{"type":"branch","line":4,"loc":{"start":{"line":4,"column":53},"end":{"line":6,"column":5}},"locations":[{"start":{"line":4,"column":53},"end":{"line":6,"column":5}}]},"2":{"type":"branch","line":7,"loc":{"start":{"line":7,"column":49},"end":{"line":9,"column":5}},"locations":[{"start":{"line":7,"column":49},"end":{"line":9,"column":5}}]},"3":{"type":"branch","line":10,"loc":{"start":{"line":10,"column":46},"end":{"line":12,"column":5}},"locations":[{"start":{"line":10,"column":46},"end":{"line":12,"column":5}}]},"4":{"type":"branch","line":13,"loc":{"start":{"line":13,"column":45},"end":{"line":15,"column":5}},"locations":[{"start":{"line":13,"column":45},"end":{"line":15,"column":5}}]},"5":{"type":"branch","line":16,"loc":{"start":{"line":16,"column":45},"end":{"line":18,"column":5}},"locations":[{"start":{"line":16,"column":45},"end":{"line":18,"column":5}}]},"6":{"type":"branch","line":19,"loc":{"start":{"line":19,"column":45},"end":{"line":21,"column":5}},"locations":[{"start":{"line":19,"column":45},"end":{"line":21,"column":5}}]},"7":{"type":"branch","line":25,"loc":{"start":{"line":25,"column":43},"end":{"line":27,"column":5}},"locations":[{"start":{"line":25,"column":43},"end":{"line":27,"column":5}}]},"8":{"type":"branch","line":28,"loc":{"start":{"line":28,"column":40},"end":{"line":30,"column":5}},"locations":[{"start":{"line":28,"column":40},"end":{"line":30,"column":5}}]},"9":{"type":"branch","line":31,"loc":{"start":{"line":31,"column":46},"end":{"line":33,"column":5}},"locations":[{"start":{"line":31,"column":46},"end":{"line":33,"column":5}}]}},"b":{"0":[2],"1":[1],"2":[1],"3":[1],"4":[1],"5":[1],"6":[1],"7":[1],"8":[1],"9":[1]},"fnMap":{},"f":{}}
,"/Users/islebedev/Desktop/Projects/task-manager/backend/src/tests/mocks/db.js": {"path":"/Users/islebedev/Desktop/Projects/task-manager/backend/src/tests/mocks/db.js","all":false,"statementMap":{"0":{"start":{"line":1,"column":0},"end":{"line":1,"column":37}},"1":{"start":{"line":2,"column":0},"end":{"line":2,"column":0}},"2":{"start":{"line":3,"column":0},"end":{"line":3,"column":28}},"3":{"start":{"line":4,"column":0},"end":{"line":4,"column":24}},"4":{"start":{"line":5,"column":0},"end":{"line":5,"column":20}},"5":{"start":{"line":6,"column":0},"end":{"line":6,"column":2}},"6":{"start":{"line":7,"column":0},"end":{"line":7,"column":0}},"7":{"start":{"line":8,"column":0},"end":{"line":8,"column":23}},"8":{"start":{"line":9,"column":0},"end":{"line":9,"column":20}},"9":{"start":{"line":10,"column":0},"end":{"line":10,"column":2}},"10":{"start":{"line":11,"column":0},"end":{"line":11,"column":0}},"11":{"start":{"line":12,"column":0},"end":{"line":12,"column":59}},"12":{"start":{"line":13,"column":0},"end":{"line":13,"column":19}},"13":{"start":{"line":14,"column":0},"end":{"line":14,"column":4}}},"s":{"0":1,"1":1,"2":1,"3":1,"4":1,"5":1,"6":1,"7":1,"8":1,"9":1,"10":1,"11":1,"12":0,"13":1},"branchMap":{"0":{"type":"branch","line":1,"loc":{"start":{"line":1,"column":0},"end":{"line":14,"column":4}},"locations":[{"start":{"line":1,"column":0},"end":{"line":14,"column":4}}]}},"b":{"0":[1]},"fnMap":{},"f":{}}
,"/Users/islebedev/Desktop/Projects/task-manager/backend/src/tests/mocks/repositories.js": {"path":"/Users/islebedev/Desktop/Projects/task-manager/backend/src/tests/mocks/repositories.js","all":false,"statementMap":{"0":{"start":{"line":1,"column":0},"end":{"line":1,"column":37}},"1":{"start":{"line":2,"column":0},"end":{"line":2,"column":0}},"2":{"start":{"line":3,"column":0},"end":{"line":3,"column":35}},"3":{"start":{"line":4,"column":0},"end":{"line":4,"column":27}},"4":{"start":{"line":5,"column":0},"end":{"line":5,"column":26}},"5":{"start":{"line":6,"column":0},"end":{"line":6,"column":25}},"6":{"start":{"line":7,"column":0},"end":{"line":7,"column":26}},"7":{"start":{"line":8,"column":0},"end":{"line":8,"column":2}}},"s":{"0":1,"1":1,"2":1,"3":1,"4":1,"5":1,"6":1,"7":1},"branchMap":{"0":{"type":"branch","line":1,"loc":{"start":{"line":1,"column":0},"end":{"line":8,"column":2}},"locations":[{"start":{"line":1,"column":0},"end":{"line":8,"column":2}}]}},"b":{"0":[1]},"fnMap":{},"f":{}}
,"/Users/islebedev/Desktop/Projects/task-manager/backend/src/tests/mocks/services.js": {"path":"/Users/islebedev/Desktop/Projects/task-manager/backend/src/tests/mocks/services.js","all":false,"statementMap":{"0":{"start":{"line":1,"column":0},"end":{"line":1,"column":37}},"1":{"start":{"line":2,"column":0},"end":{"line":2,"column":0}},"2":{"start":{"line":3,"column":0},"end":{"line":3,"column":32}},"3":{"start":{"line":4,"column":0},"end":{"line":4,"column":75}},"4":{"start":{"line":5,"column":0},"end":{"line":5,"column":47}},"5":{"start":{"line":6,"column":0},"end":{"line":6,"column":51}},"6":{"start":{"line":7,"column":0},"end":{"line":7,"column":9}},"7":{"start":{"line":8,"column":0},"end":{"line":8,"column":29}},"8":{"start":{"line":9,"column":0},"end":{"line":9,"column":7}},"9":{"start":{"line":10,"column":0},"end":{"line":10,"column":0}},"10":{"start":{"line":11,"column":0},"end":{"line":11,"column":72}},"11":{"start":{"line":12,"column":0},"end":{"line":12,"column":50}},"12":{"start":{"line":13,"column":0},"end":{"line":13,"column":51}},"13":{"start":{"line":14,"column":0},"end":{"line":14,"column":9}},"14":{"start":{"line":15,"column":0},"end":{"line":15,"column":17}},"15":{"start":{"line":16,"column":0},"end":{"line":16,"column":7}},"16":{"start":{"line":17,"column":0},"end":{"line":17,"column":0}},"17":{"start":{"line":18,"column":0},"end":{"line":18,"column":46}},"18":{"start":{"line":19,"column":0},"end":{"line":19,"column":46}},"19":{"start":{"line":20,"column":0},"end":{"line":20,"column":45}},"20":{"start":{"line":21,"column":0},"end":{"line":21,"column":6}},"21":{"start":{"line":22,"column":0},"end":{"line":22,"column":2}}},"s":{"0":1,"1":1,"2":1,"3":1,"4":2,"5":0,"6":0,"7":2,"8":1,"9":1,"10":1,"11":2,"12":0,"13":0,"14":2,"15":1,"16":1,"17":1,"18":1,"19":1,"20":1,"21":1},"branchMap":{"0":{"type":"branch","line":1,"loc":{"start":{"line":1,"column":0},"end":{"line":22,"column":2}},"locations":[{"start":{"line":1,"column":0},"end":{"line":22,"column":2}}]},"1":{"type":"branch","line":4,"loc":{"start":{"line":4,"column":47},"end":{"line":9,"column":5}},"locations":[{"start":{"line":4,"column":47},"end":{"line":9,"column":5}}]},"2":{"type":"branch","line":5,"loc":{"start":{"line":5,"column":46},"end":{"line":7,"column":9}},"locations":[{"start":{"line":5,"column":46},"end":{"line":7,"column":9}}]},"3":{"type":"branch","line":11,"loc":{"start":{"line":11,"column":44},"end":{"line":16,"column":5}},"locations":[{"start":{"line":11,"column":44},"end":{"line":16,"column":5}}]},"4":{"type":"branch","line":12,"loc":{"start":{"line":12,"column":49},"end":{"line":14,"column":9}},"locations":[{"start":{"line":12,"column":49},"end":{"line":14,"column":9}}]}},"b":{"0":[1],"1":[2],"2":[0],"3":[2],"4":[0]},"fnMap":{},"f":{}}
}
