TN:
SF:src/config/db_options.js
FNF:0
FNH:0
DA:1,1
DA:2,1
DA:3,1
DA:4,1
DA:5,1
DA:6,1
DA:7,1
DA:8,1
DA:9,1
DA:10,1
DA:11,1
DA:12,1
DA:13,1
LF:13
LH:13
BRDA:1,0,0,1
BRF:1
BRH:1
end_of_record
TN:
SF:src/controllers/UserController.js
FN:5,register
FN:15,login
FN:25,getAllUsers
FNF:3
FNH:3
FNDA:2,register
FNDA:2,login
FNDA:2,getAllUsers
DA:1,1
DA:2,1
DA:3,1
DA:4,1
DA:5,1
DA:6,2
DA:7,2
DA:8,2
DA:9,2
DA:10,2
DA:11,0
DA:12,0
DA:13,2
DA:14,1
DA:15,1
DA:16,2
DA:17,2
DA:18,2
DA:19,2
DA:20,2
DA:21,0
DA:22,0
DA:23,2
DA:24,1
DA:25,1
DA:26,2
DA:27,2
DA:28,2
DA:29,1
DA:30,1
DA:31,1
DA:32,1
DA:33,2
DA:34,1
DA:35,1
DA:36,1
LF:36
LH:32
BRDA:1,0,0,1
BRDA:5,1,0,2
BRDA:10,2,0,0
BRDA:15,3,0,2
BRDA:20,4,0,0
BRDA:25,5,0,2
BRDA:29,6,0,1
BRF:7
BRH:5
end_of_record
TN:
SF:src/db/connection.js
FNF:0
FNH:0
DA:1,1
DA:2,1
DA:3,1
DA:4,1
DA:5,1
DA:6,1
DA:7,1
DA:8,1
DA:9,1
DA:10,1
DA:11,1
LF:11
LH:11
BRDA:1,0,0,1
BRF:1
BRH:1
end_of_record
TN:
SF:src/repositories/UserRepository.js
FN:5,findByEmail
FN:12,findByUsername
FN:17,createUser
FN:24,loginUser
FN:38,getAllUsers
FNF:5
FNH:4
FNDA:2,findByEmail
FNDA:0,findByUsername
FNDA:1,createUser
FNDA:2,loginUser
FNDA:1,getAllUsers
DA:1,1
DA:2,1
DA:3,1
DA:4,1
DA:5,1
DA:6,2
DA:7,2
DA:8,2
DA:9,2
DA:10,2
DA:11,1
DA:12,1
DA:13,0
DA:14,0
DA:15,0
DA:16,1
DA:17,1
DA:18,1
DA:19,1
DA:20,1
DA:21,1
DA:22,1
DA:23,1
DA:24,1
DA:25,2
DA:26,2
DA:27,2
DA:28,2
DA:29,2
DA:30,1
DA:31,1
DA:32,1
DA:33,1
DA:34,1
DA:35,1
DA:36,1
DA:37,1
DA:38,1
DA:39,1
DA:40,1
DA:41,1
DA:42,1
DA:43,1
DA:44,1
DA:45,1
DA:46,1
LF:46
LH:43
BRDA:1,0,0,1
BRDA:5,1,0,2
BRDA:17,2,0,1
BRDA:24,3,0,2
BRDA:38,4,0,1
BRF:5
BRH:5
end_of_record
TN:
SF:src/routes/TodoRoutes.js
FNF:0
FNH:0
DA:1,1
DA:2,1
DA:3,1
DA:4,1
DA:5,1
DA:6,1
DA:7,1
DA:8,1
DA:9,1
DA:10,1
DA:11,1
DA:12,1
DA:13,1
DA:14,1
LF:14
LH:14
BRDA:1,0,0,1
BRF:1
BRH:1
end_of_record
TN:
SF:src/routes/UserRoutes.js
FNF:0
FNH:0
DA:1,1
DA:2,1
DA:3,1
DA:4,1
DA:5,1
DA:6,1
DA:7,1
DA:8,1
DA:9,1
DA:10,1
DA:11,1
DA:12,1
LF:12
LH:12
BRDA:1,0,0,1
BRF:1
BRH:1
end_of_record
TN:
SF:src/services/UserService.js
FN:4,registerUser
FN:23,loginUser
FN:32,getAllUsers
FNF:3
FNH:3
FNDA:2,registerUser
FNDA:2,loginUser
FNDA:1,getAllUsers
DA:1,1
DA:2,1
DA:3,1
DA:4,1
DA:5,2
DA:6,2
DA:7,2
DA:8,1
DA:9,1
DA:10,2
DA:11,1
DA:12,1
DA:13,1
DA:14,1
DA:15,1
DA:16,1
DA:17,1
DA:18,1
DA:19,1
DA:20,1
DA:21,2
DA:22,1
DA:23,1
DA:24,2
DA:25,2
DA:26,1
DA:27,1
DA:28,1
DA:29,1
DA:30,2
DA:31,1
DA:32,1
DA:33,1
DA:34,1
DA:35,1
DA:36,1
DA:37,1
DA:38,1
DA:39,1
DA:40,1
LF:40
LH:40
BRDA:1,0,0,1
BRDA:4,1,0,2
BRDA:7,2,0,1
BRDA:10,3,0,1
BRDA:23,4,0,2
BRDA:25,5,0,1
BRDA:32,6,0,1
BRF:7
BRH:7
end_of_record
TN:
SF:src/tests/mocks/controllers.js
FNF:0
FNH:0
DA:1,2
DA:2,2
DA:3,2
DA:4,2
DA:5,1
DA:6,2
DA:7,2
DA:8,1
DA:9,2
DA:10,2
DA:11,1
DA:12,2
DA:13,2
DA:14,1
DA:15,2
DA:16,2
DA:17,1
DA:18,2
DA:19,2
DA:20,1
DA:21,2
DA:22,2
DA:23,2
DA:24,2
DA:25,2
DA:26,1
DA:27,2
DA:28,2
DA:29,1
DA:30,2
DA:31,2
DA:32,1
DA:33,2
DA:34,2
LF:34
LH:34
BRDA:1,0,0,2
BRDA:4,1,0,1
BRDA:7,2,0,1
BRDA:10,3,0,1
BRDA:13,4,0,1
BRDA:16,5,0,1
BRDA:19,6,0,1
BRDA:25,7,0,1
BRDA:28,8,0,1
BRDA:31,9,0,1
BRF:10
BRH:10
end_of_record
TN:
SF:src/tests/mocks/db.js
FNF:0
FNH:0
DA:1,1
DA:2,1
DA:3,1
DA:4,1
DA:5,1
DA:6,1
DA:7,1
DA:8,1
DA:9,1
DA:10,1
DA:11,1
DA:12,1
DA:13,0
DA:14,1
LF:14
LH:13
BRDA:1,0,0,1
BRF:1
BRH:1
end_of_record
TN:
SF:src/tests/mocks/repositories.js
FNF:0
FNH:0
DA:1,1
DA:2,1
DA:3,1
DA:4,1
DA:5,1
DA:6,1
DA:7,1
DA:8,1
LF:8
LH:8
BRDA:1,0,0,1
BRF:1
BRH:1
end_of_record
TN:
SF:src/tests/mocks/services.js
FNF:0
FNH:0
DA:1,1
DA:2,1
DA:3,1
DA:4,1
DA:5,2
DA:6,0
DA:7,0
DA:8,2
DA:9,1
DA:10,1
DA:11,1
DA:12,2
DA:13,0
DA:14,0
DA:15,2
DA:16,1
DA:17,1
DA:18,1
DA:19,1
DA:20,1
DA:21,1
DA:22,1
LF:22
LH:18
BRDA:1,0,0,1
BRDA:4,1,0,2
BRDA:5,2,0,0
BRDA:11,3,0,2
BRDA:12,4,0,0
BRF:5
BRH:3
end_of_record
